<?xml version="1.0" encoding="UTF-8"?>
<!-- Generated by org.testng.reporters.JUnitReportReporter -->
<testsuite hostname="DESKTOP-QMGPC7Q" failures="0" tests="1" name="test.ZerodhaHomePagetest" time="13.918" errors="0" timestamp="2022-06-19T15:04:14 IST" skipped="0">
  <testcase classname="test.ZerodhaHomePagetest" name="homepageBuyandselltest" time="13.918"/>
  <system-out/>
</testsuite> <!-- test.ZerodhaHomePagetest -->
