<?xml version="1.0" encoding="UTF-8"?>
<!-- Generated by org.testng.reporters.JUnitReportReporter -->
<testsuite hostname="DESKTOP-QMGPC7Q" failures="0" tests="1" name="test.ZerodhaSignupPagetest" time="13.873" errors="0" timestamp="2022-06-06T22:09:53 IST" skipped="0">
  <testcase classname="test.ZerodhaSignupPagetest" name="signUpPageOpentest" time="13.873"/>
  <system-out/>
</testsuite> <!-- test.ZerodhaSignupPagetest -->
