<?xml version="1.0" encoding="UTF-8"?>
<!-- Generated by org.testng.reporters.JUnitReportReporter -->
<testsuite hostname="DESKTOP-QMGPC7Q" failures="0" tests="3" name="test.ZerodhaPinPagetest" time="32.280" errors="0" timestamp="2022-06-16T12:43:09 IST" skipped="0">
  <testcase classname="test.ZerodhaPinPagetest" name="checkSignUplinktest" time="9.025"/>
  <system-out/>
  <testcase classname="test.ZerodhaPinPagetest" name="checkForgetPinlinktest" time="12.506"/>
  <system-out/>
  <testcase classname="test.ZerodhaPinPagetest" name="logintoZerodhawithPintest" time="10.749"/>
  <system-out/>
</testsuite> <!-- test.ZerodhaPinPagetest -->
